<?xml version="1.0" encoding="UTF-8"?>
<!-- Generated by org.testng.reporters.JUnitReportReporter -->
<testsuite hostname="DESKTOP-QMSQO3B" failures="0" tests="12" name="com.nxtgenai.testcases.ScreenNavigation" time="38.664" errors="0" timestamp="2022-08-23T12:19:10 IST" skipped="3">
  <testcase classname="com.nxtgenai.testcases.ScreenNavigation" name="validatingAutomationTrainingNavigation" time="3.109"/>
  <system-out/>
  <testcase classname="com.nxtgenai.testcases.ScreenNavigation" name="validatingRegistrationFormNavigation" time="2.531"/>
  <system-out/>
  <testcase classname="com.nxtgenai.testcases.ScreenNavigation" name="validatingAlertPopUpNavigation" time="1.810"/>
  <system-out/>
  <testcase classname="com.nxtgenai.testcases.ScreenNavigation" name="validatingMultipleWindowsNavigation" time="1.857"/>
  <system-out/>
  <testcase classname="com.nxtgenai.testcases.ScreenNavigation" name="validatingWebTableNavigation" time="1.845"/>
  <system-out/>
  <testcase classname="com.nxtgenai.testcases.ScreenNavigation" name="validatingTechTalkNavigation" time="1.777"/>
  <system-out/>
  <testcase classname="com.nxtgenai.testcases.ScreenNavigation" name="validatingTestimonialsNavigation" time="1.728"/>
  <system-out/>
  <testcase classname="com.nxtgenai.testcases.ScreenNavigation" name="validatingNumPyNavigation" time="21.915"/>
  <system-out/>
  <testcase classname="com.nxtgenai.testcases.ScreenNavigation" name="validatingPandasNavigation" time="2.092"/>
  <system-out/>
  <testcase classname="com.nxtgenai.testcases.ScreenNavigation" name="validatingPythonForDataScienceNavigation">
    <skipped/>
  </testcase> <!-- validatingPythonForDataScienceNavigation -->
  <system-out/>
  <testcase classname="com.nxtgenai.testcases.ScreenNavigation" name="validatingSeleniumOnlineTrainingNavigation">
    <skipped/>
  </testcase> <!-- validatingSeleniumOnlineTrainingNavigation -->
  <system-out/>
  <testcase classname="com.nxtgenai.testcases.ScreenNavigation" name="validatingCourseCompletionCertificateNavigation">
    <skipped/>
  </testcase> <!-- validatingCourseCompletionCertificateNavigation -->
  <system-out/>
</testsuite> <!-- com.nxtgenai.testcases.ScreenNavigation -->
