<?xml version="1.0" encoding="UTF-8"?>
<!-- Generated by org.testng.reporters.JUnitReportReporter -->
<testsuite hostname="DESKTOP-QMSQO3B" failures="0" tests="1" name="com.nxtgenai.testcases.HandlingWebTable" time="2.813" errors="0" timestamp="2022-08-23T12:19:10 IST" skipped="0">
  <testcase classname="com.nxtgenai.testcases.HandlingWebTable" name="displayEmployeeDetails" time="2.813"/>
  <system-out/>
</testsuite> <!-- com.nxtgenai.testcases.HandlingWebTable -->
