<?xml version="1.0" encoding="UTF-8"?>
<!-- Generated by org.testng.reporters.JUnitReportReporter -->
<testsuite hostname="DESKTOP-QMSQO3B" failures="0" tests="3" name="com.nxtgenai.testcases.HandlingPopUp" time="1.385" errors="0" timestamp="2022-08-23T12:19:10 IST" skipped="0">
  <testcase classname="com.nxtgenai.testcases.HandlingPopUp" name="validateAlertPopUp" time="0.327"/>
  <system-out/>
  <testcase classname="com.nxtgenai.testcases.HandlingPopUp" name="validateConfirmAlertPopUp" time="0.531"/>
  <system-out/>
  <testcase classname="com.nxtgenai.testcases.HandlingPopUp" name="validatePromptAlertPopUp" time="0.527"/>
  <system-out/>
</testsuite> <!-- com.nxtgenai.testcases.HandlingPopUp -->
