<?xml version="1.0" encoding="UTF-8"?>
<!-- Generated by org.testng.reporters.JUnitReportReporter -->
<testsuite hostname="DESKTOP-QMSQO3B" failures="0" tests="2" name="com.nxtgenai.testcases.RegisterDemo" time="17.746" errors="0" timestamp="2022-08-23T12:19:10 IST" skipped="0">
  <testcase classname="com.nxtgenai.testcases.RegisterDemo" name="registerUser" time="8.809"/>
  <system-out/>
  <testcase classname="com.nxtgenai.testcases.RegisterDemo" name="registerUser" time="8.937"/>
  <system-out/>
</testsuite> <!-- com.nxtgenai.testcases.RegisterDemo -->
